<?xml version="1.0" encoding="UTF-8"?>
<!-- Generated by org.testng.reporters.JUnitReportReporter -->
<testsuite hostname="APPLEs-MacBook-Air.local" failures="0" tests="1" name="Test.Test" time="19.035" errors="0" timestamp="06 Feb 2022 13:47:30 GMT" skipped="0">
  <testcase classname="Test.Test" name="Test1" time="19.035"/>
</testsuite> <!-- Test.Test -->
