<?xml version="1.0" encoding="UTF-8"?>
<!-- Generated by org.testng.reporters.JUnitReportReporter -->
<testsuite hostname="APPLEs-MacBook-Air.local" failures="0" tests="1" name="com.qa.web.tests.OrangeHrmLoginPageTests" time="0.000" errors="0" timestamp="22 May 2024 08:15:24 GMT" skipped="1">
  <testcase classname="com.qa.web.tests.OrangeHrmLoginPageTests" name="validateLoginWithValidCredentials" time="0.000">
    <skipped/>
  </testcase> <!-- validateLoginWithValidCredentials -->
</testsuite> <!-- com.qa.web.tests.OrangeHrmLoginPageTests -->
