<?xml version="1.0" encoding="UTF-8"?>
<!-- Generated by org.testng.reporters.JUnitReportReporter -->
<testsuite hostname="APPLEs-MacBook-Air.local" failures="0" tests="1" name="selenium.Test" time="2.918" errors="0" timestamp="05 Feb 2022 05:53:43 GMT" skipped="0">
  <testcase classname="selenium.Test" name="Test1" time="2.918"/>
</testsuite> <!-- selenium.Test -->
